2025-11-23 18:47:48,965 - ERROR - Input error: 1 validation error for Computer
gpu
  Input should be 'nvidia' or 'intel' [type=literal_error, input_value='nividia', input_type=str]
    For further information visit https://errors.pydantic.dev/2.12/v/literal_error
2025-11-23 18:47:54,526 - INFO - Saved computers to configs/instances.json
2025-11-23 18:49:07,739 - INFO - New computer added: system='windows' gpu='nvidia' ram=64 cpu=12
2025-11-23 18:49:09,885 - INFO - Saved computers to configs/instances.json
2025-11-23 18:52:39,390 - INFO - New computer added: system='windows' gpu='nvidia' ram=64 cpu=12
2025-11-23 18:52:41,777 - INFO - Saved computers to configs/instances.json
2025-11-23 18:53:10,427 - INFO - New computer added: system='mac' gpu='nvidia' ram=32 cpu=8
2025-11-23 18:53:11,745 - INFO - Saved computers to configs/instances.json
2025-11-23 18:55:54,191 - ERROR - Input error: 1 validation error for Computer
system
  Input should be 'windows', 'mac' or 'linux' [type=literal_error, input_value='windoes', input_type=str]
    For further information visit https://errors.pydantic.dev/2.12/v/literal_error
2025-11-23 18:56:02,318 - INFO - New computer added: system='mac' gpu='intel' ram=12 cpu=12
2025-11-23 18:56:04,658 - INFO - Saved computers to configs/instances.json
2025-11-23 19:04:34,652 - INFO - New computer added: system='mac' gpu='intel' ram=4 cpu=2
2025-11-23 19:04:36,382 - INFO - Saved computers to configs/instances.json
2025-11-23 19:05:25,176 - INFO - New computer added: system='linux' gpu='nvidia' ram=64 cpu=12
2025-11-23 19:05:27,639 - INFO - Saved computers to configs/instances.json
